<?xml version="1.0" encoding="UTF-8"?>
<!-- Generated by org.testng.reporters.JUnitXMLReporter -->
<testsuite hostname="NAGRE" tests="0" failures="0" timestamp="30 Apr 2020 14:07:19 GMT" time="4.273" errors="0">
  <testcase name="@BeforeTest LaunchBrowser" time="0.0" classname="FBTest">
    <failure type="org.openqa.selenium.SessionNotCreatedException" message="session not created: This version of ChromeDriver only supports Chrome version 79
Build info: version: &amp;apos;3.9.1&amp;apos;, revision: &amp;apos;63f7b50&amp;apos;, time: &amp;apos;2018-02-07T22:42:22.379Z&amp;apos;
System info: host: &amp;apos;NAGRE&amp;apos;, ip: &amp;apos;192.168.43.141&amp;apos;, os.name: &amp;apos;Windows 10&amp;apos;, os.arch: &amp;apos;amd64&amp;apos;, os.version: &amp;apos;10.0&amp;apos;, java.version: &amp;apos;1.8.0_71&amp;apos;
Driver info: driver.version: ChromeDriver
remote stacktrace: Backtrace:
	Ordinal0 [0x011CA113+1548563]
	Ordinal0 [0x0114DDA1+1039777]
	Ordinal0 [0x010CE485+517253]
	Ordinal0 [0x0105FD34+64820]
	Ordinal0 [0x0105C61E+50718]
	Ordinal0 [0x0107B797+178071]
	Ordinal0 [0x0107B59D+177565]
	Ordinal0 [0x010795FB+169467]
	Ordinal0 [0x0106160A+71178]
	Ordinal0 [0x01062690+75408]
	Ordinal0 [0x01062629+75305]
	Ordinal0 [0x011671B7+1143223]
	GetHandleVerifier [0x01262B46+507814]
	GetHandleVerifier [0x01262864+507076]
	GetHandleVerifier [0x01269F47+537511]
	GetHandleVerifier [0x01263402+510050]
	Ordinal0 [0x0115F29C+1110684]
	Ordinal0 [0x0116938B+1151883]
	Ordinal0 [0x011694F3+1152243]
	Ordinal0 [0x011683F5+1147893]
	BaseThreadInitThunk [0x75888744+36]
	RtlGetAppContainerNamedObjectPath [0x7701587D+253]
	RtlGetAppContainerNamedObjectPath [0x7701584D+205]
">
      <![CDATA[org.openqa.selenium.SessionNotCreatedException: session not created: This version of ChromeDriver only supports Chrome version 79
Build info: version: '3.9.1', revision: '63f7b50', time: '2018-02-07T22:42:22.379Z'
System info: host: 'NAGRE', ip: '192.168.43.141', os.name: 'Windows 10', os.arch: 'amd64', os.version: '10.0', java.version: '1.8.0_71'
Driver info: driver.version: ChromeDriver
remote stacktrace: Backtrace:
	Ordinal0 [0x011CA113+1548563]
	Ordinal0 [0x0114DDA1+1039777]
	Ordinal0 [0x010CE485+517253]
	Ordinal0 [0x0105FD34+64820]
	Ordinal0 [0x0105C61E+50718]
	Ordinal0 [0x0107B797+178071]
	Ordinal0 [0x0107B59D+177565]
	Ordinal0 [0x010795FB+169467]
	Ordinal0 [0x0106160A+71178]
	Ordinal0 [0x01062690+75408]
	Ordinal0 [0x01062629+75305]
	Ordinal0 [0x011671B7+1143223]
	GetHandleVerifier [0x01262B46+507814]
	GetHandleVerifier [0x01262864+507076]
	GetHandleVerifier [0x01269F47+537511]
	GetHandleVerifier [0x01263402+510050]
	Ordinal0 [0x0115F29C+1110684]
	Ordinal0 [0x0116938B+1151883]
	Ordinal0 [0x011694F3+1152243]
	Ordinal0 [0x011683F5+1147893]
	BaseThreadInitThunk [0x75888744+36]
	RtlGetAppContainerNamedObjectPath [0x7701587D+253]
	RtlGetAppContainerNamedObjectPath [0x7701584D+205]

	at org.openqa.selenium.remote.W3CHandshakeResponse.lambda$new$0(W3CHandshakeResponse.java:57)
	at org.openqa.selenium.remote.W3CHandshakeResponse.lambda$getResponseFunction$2(W3CHandshakeResponse.java:104)
	at org.openqa.selenium.remote.ProtocolHandshake.lambda$createSession$0(ProtocolHandshake.java:123)
	at java.util.stream.ReferencePipeline$3$1.accept(Unknown Source)
	at java.util.Spliterators$ArraySpliterator.tryAdvance(Unknown Source)
	at java.util.stream.ReferencePipeline.forEachWithCancel(Unknown Source)
	at java.util.stream.AbstractPipeline.copyIntoWithCancel(Unknown Source)
	at java.util.stream.AbstractPipeline.copyInto(Unknown Source)
	at java.util.stream.AbstractPipeline.wrapAndCopyInto(Unknown Source)
	at java.util.stream.FindOps$FindOp.evaluateSequential(Unknown Source)
	at java.util.stream.AbstractPipeline.evaluate(Unknown Source)
	at java.util.stream.ReferencePipeline.findFirst(Unknown Source)
	at org.openqa.selenium.remote.ProtocolHandshake.createSession(ProtocolHandshake.java:126)
	at org.openqa.selenium.remote.ProtocolHandshake.createSession(ProtocolHandshake.java:73)
	at org.openqa.selenium.remote.HttpCommandExecutor.execute(HttpCommandExecutor.java:138)
	at org.openqa.selenium.remote.service.DriverCommandExecutor.execute(DriverCommandExecutor.java:83)
	at org.openqa.selenium.remote.RemoteWebDriver.execute(RemoteWebDriver.java:601)
	at org.openqa.selenium.remote.RemoteWebDriver.startSession(RemoteWebDriver.java:219)
	at org.openqa.selenium.remote.RemoteWebDriver.<init>(RemoteWebDriver.java:142)
	at org.openqa.selenium.chrome.ChromeDriver.<init>(ChromeDriver.java:181)
	at org.openqa.selenium.chrome.ChromeDriver.<init>(ChromeDriver.java:168)
	at org.openqa.selenium.chrome.ChromeDriver.<init>(ChromeDriver.java:123)
	at FBTest.LaunchBrowser(FBTest.java:20)
... Removed 26 stack frames]]>
    </failure>
  </testcase> <!-- @BeforeTest LaunchBrowser -->
  <testcase name="@AfterTest close" time="0.0" classname="FBTest">
    <skipped/>
  </testcase> <!-- @AfterTest close -->
</testsuite>
